This is pdfTeX, Version 3.141592653-2.6-1.40.26 (TeX Live 2024/Arch Linux) (preloaded format=pdflatex 2024.4.27)  29 APR 2024 16:57
entering extended mode
 \write18 enabled.
 file:line:error style messages enabled.
 %&-line parsing enabled.
**binary_tree.tex
(./binary_tree.tex
LaTeX2e <2023-11-01> patch level 1
L3 programming layer <2024-02-20>
(/usr/share/texmf-dist/tex/latex/base/report.cls
Document Class: report 2023/05/17 v1.4n Standard LaTeX document class
(/usr/share/texmf-dist/tex/latex/base/size10.clo
File: size10.clo 2023/05/17 v1.4n Standard LaTeX file (size option)
)
\c@part=\count188
\c@chapter=\count189
\c@section=\count190
\c@subsection=\count191
\c@subsubsection=\count192
\c@paragraph=\count193
\c@subparagraph=\count194
\c@figure=\count195
\c@table=\count196
\abovecaptionskip=\skip48
\belowcaptionskip=\skip49
\bibindent=\dimen140
) (/home/mattw/latex/template/preamble.tex (/usr/share/texmf-dist/tex/latex/minted/minted.sty
Package: minted 2023/12/18 v2.9 Yet another Pygments shim for LaTeX
 (/usr/share/texmf-dist/tex/latex/graphics/keyval.sty
Package: keyval 2022/05/29 v1.15 key=value parser (DPC)
\KV@toks@=\toks17
) (/usr/share/texmf-dist/tex/latex/kvoptions/kvoptions.sty
Package: kvoptions 2022-06-15 v3.15 Key value format for package options (HO)
 (/usr/share/texmf-dist/tex/generic/ltxcmds/ltxcmds.sty
Package: ltxcmds 2023-12-04 v1.26 LaTeX kernel commands for general use (HO)
) (/usr/share/texmf-dist/tex/latex/kvsetkeys/kvsetkeys.sty
Package: kvsetkeys 2022-10-05 v1.19 Key value parser (HO)
)) (/usr/share/texmf-dist/tex/latex/fvextra/fvextra.sty
Package: fvextra 2023/11/28 v1.6.1 fvextra - extensions and patches for fancyvrb
 (/usr/share/texmf-dist/tex/latex/etoolbox/etoolbox.sty
Package: etoolbox 2020/10/05 v2.5k e-TeX tools for LaTeX (JAW)
\etb@tempcnta=\count197
) (/usr/share/texmf-dist/tex/latex/fancyvrb/fancyvrb.sty
Package: fancyvrb 2024/01/20 4.5c verbatim text (tvz,hv)
\FV@CodeLineNo=\count198
\FV@InFile=\read2
\FV@TabBox=\box51
\c@FancyVerbLine=\count199
\FV@StepNumber=\count266
\FV@OutFile=\write3
) (/usr/share/texmf-dist/tex/latex/upquote/upquote.sty
Package: upquote 2012/04/19 v1.3 upright-quote and grave-accent glyphs in verbatim
) (/usr/share/texmf-dist/tex/latex/lineno/lineno.sty
Package: lineno 2023/05/20 line numbers on paragraphs v5.3
\linenopenalty=\count267
\output=\toks18
\linenoprevgraf=\count268
\linenumbersep=\dimen141
\linenumberwidth=\dimen142
\c@linenumber=\count269
\c@pagewiselinenumber=\count270
\c@LN@truepage=\count271
\c@internallinenumber=\count272
\c@internallinenumbers=\count273
\quotelinenumbersep=\dimen143
\bframerule=\dimen144
\bframesep=\dimen145
\bframebox=\box52
LaTeX Info: Redefining \\ on input line 3180.
)
\c@FancyVerbWriteLine=\count274
\c@FancyVerbBufferIndex=\count275
\c@FancyVerbBufferLength=\count276
\c@FancyVerbBufferLine=\count277
\c@FV@oldbufferlength=\count278
\c@FV@TrueTabGroupLevel=\count279
\c@FV@TrueTabCounter=\count280
\FV@TabBox@Group=\box53
\FV@TmpLength=\skip50
\c@FV@HighlightLinesStart=\count281
\c@FV@HighlightLinesStop=\count282
\FV@LoopCount=\count283
\FV@NCharsBox=\box54
\FV@BreakIndent=\dimen146
\FV@BreakIndentNChars=\count284
\FV@BreakSymbolSepLeft=\dimen147
\FV@BreakSymbolSepLeftNChars=\count285
\FV@BreakSymbolSepRight=\dimen148
\FV@BreakSymbolSepRightNChars=\count286
\FV@BreakSymbolIndentLeft=\dimen149
\FV@BreakSymbolIndentLeftNChars=\count287
\FV@BreakSymbolIndentRight=\dimen150
\FV@BreakSymbolIndentRightNChars=\count288
\c@FancyVerbLineBreakLast=\count289
\FV@LineBox=\box55
\FV@LineIndentBox=\box56
\c@FV@BreakBufferDepth=\count290
\FV@LineWidth=\dimen151
) (/usr/share/texmf-dist/tex/latex/base/ifthen.sty
Package: ifthen 2022/04/13 v1.1d Standard LaTeX ifthen package (DPC)
) (/usr/share/texmf-dist/tex/latex/tools/shellesc.sty
Package: shellesc 2023/07/08 v1.0d unified shell escape interface for LaTeX
Package shellesc Info: Unrestricted shell escape enabled on input line 75.
) (/usr/share/texmf-dist/tex/latex/ifplatform/ifplatform.sty
Package: ifplatform 2017/10/13 v0.4a Testing for the operating system
 (/usr/share/texmf-dist/tex/generic/pdftexcmds/pdftexcmds.sty
Package: pdftexcmds 2020-06-27 v0.33 Utility functions of pdfTeX for LuaTeX (HO)
 (/usr/share/texmf-dist/tex/generic/infwarerr/infwarerr.sty
Package: infwarerr 2019/12/03 v1.5 Providing info/warning/error messages (HO)
) (/usr/share/texmf-dist/tex/generic/iftex/iftex.sty
Package: iftex 2022/02/03 v1.0f TeX engine tests
)
Package pdftexcmds Info: \pdf@primitive is available.
Package pdftexcmds Info: \pdf@ifprimitive is available.
Package pdftexcmds Info: \pdfdraftmode found.
) (/usr/share/texmf-dist/tex/generic/catchfile/catchfile.sty
Package: catchfile 2019/12/09 v1.8 Catch the contents of a file (HO)
 (/usr/share/texmf-dist/tex/generic/etexcmds/etexcmds.sty
Package: etexcmds 2019/12/15 v1.7 Avoid name clashes with e-TeX commands (HO)
)) (/usr/share/texmf-dist/tex/generic/iftex/ifluatex.sty
Package: ifluatex 2019/10/25 v1.5 ifluatex legacy package. Use iftex instead.
)
runsystem(uname -s > "binary_tree.w18")...executed.

 (./binary_tree.w18)
runsystem(rm -- "binary_tree.w18")...executed.

) (/usr/share/texmf-dist/tex/generic/xstring/xstring.sty (/usr/share/texmf-dist/tex/generic/xstring/xstring.tex
\xs_counta=\count291
\xs_countb=\count292
)
Package: xstring 2023/08/22 v1.86 String manipulations (CT)
) (/usr/share/texmf-dist/tex/latex/framed/framed.sty
Package: framed 2011/10/22 v 0.96: framed or shaded text with page breaks
\OuterFrameSep=\skip51
\fb@frw=\dimen152
\fb@frh=\dimen153
\FrameRule=\dimen154
\FrameSep=\dimen155
) (/usr/share/texmf-dist/tex/latex/float/float.sty
Package: float 2001/11/08 v1.3d Float enhancements (AL)
\c@float@type=\count293
\float@exts=\toks19
\float@box=\box57
\@float@everytoks=\toks20
\@floatcapt=\box58
)
\minted@appexistsfile=\read3
\minted@bgbox=\box59
\minted@code=\write4
\c@minted@FancyVerbLineTemp=\count294
\c@minted@pygmentizecounter=\count295
\@float@every@listing=\toks21
\c@listing=\count296
)
runsystem(mkdir -p _minted-binary_tree)...executed.

 (/usr/share/texmf-dist/tex/latex/tcolorbox/tcolorbox.sty
Package: tcolorbox 2024/01/10 version 6.2.0 text color boxes
 (/usr/share/texmf-dist/tex/latex/pgf/basiclayer/pgf.sty (/usr/share/texmf-dist/tex/latex/pgf/utilities/pgfrcs.sty (/usr/share/texmf-dist/tex/generic/pgf/utilities/pgfutil-common.tex
\pgfutil@everybye=\toks22
\pgfutil@tempdima=\dimen156
\pgfutil@tempdimb=\dimen157
) (/usr/share/texmf-dist/tex/generic/pgf/utilities/pgfutil-latex.def
\pgfutil@abb=\box60
) (/usr/share/texmf-dist/tex/generic/pgf/utilities/pgfrcs.code.tex (/usr/share/texmf-dist/tex/generic/pgf/pgf.revision.tex)
Package: pgfrcs 2023-01-15 v3.1.10 (3.1.10)
))
Package: pgf 2023-01-15 v3.1.10 (3.1.10)
 (/usr/share/texmf-dist/tex/latex/pgf/basiclayer/pgfcore.sty (/usr/share/texmf-dist/tex/latex/graphics/graphicx.sty
Package: graphicx 2021/09/16 v1.2d Enhanced LaTeX Graphics (DPC,SPQR)
 (/usr/share/texmf-dist/tex/latex/graphics/graphics.sty
Package: graphics 2022/03/10 v1.4e Standard LaTeX Graphics (DPC,SPQR)

(/usr/share/texmf-dist/tex/latex/graphics/trig.sty
Package: trig 2021/08/11 v1.11 sin cos tan (DPC)
) (/usr/share/texmf-dist/tex/latex/graphics-cfg/graphics.cfg
File: graphics.cfg 2016/06/04 v1.11 sample graphics configuration
)
Package graphics Info: Driver file: pdftex.def on input line 107.
 (/usr/share/texmf-dist/tex/latex/graphics-def/pdftex.def
File: pdftex.def 2022/09/22 v1.2b Graphics/color driver for pdftex
))
\Gin@req@height=\dimen158
\Gin@req@width=\dimen159
) (/usr/share/texmf-dist/tex/latex/pgf/systemlayer/pgfsys.sty (/usr/share/texmf-dist/tex/generic/pgf/systemlayer/pgfsys.code.tex
Package: pgfsys 2023-01-15 v3.1.10 (3.1.10)
 (/usr/share/texmf-dist/tex/generic/pgf/utilities/pgfkeys.code.tex
\pgfkeys@pathtoks=\toks23
\pgfkeys@temptoks=\toks24
 (/usr/share/texmf-dist/tex/generic/pgf/utilities/pgfkeyslibraryfiltered.code.tex
\pgfkeys@tmptoks=\toks25
))
\pgf@x=\dimen160
\pgf@y=\dimen161
\pgf@xa=\dimen162
\pgf@ya=\dimen163
\pgf@xb=\dimen164
\pgf@yb=\dimen165
\pgf@xc=\dimen166
\pgf@yc=\dimen167
\pgf@xd=\dimen168
\pgf@yd=\dimen169
\w@pgf@writea=\write5
\r@pgf@reada=\read4
\c@pgf@counta=\count297
\c@pgf@countb=\count298
\c@pgf@countc=\count299
\c@pgf@countd=\count300
\t@pgf@toka=\toks26
\t@pgf@tokb=\toks27
\t@pgf@tokc=\toks28
\pgf@sys@id@count=\count301
 (/usr/share/texmf-dist/tex/generic/pgf/systemlayer/pgf.cfg
File: pgf.cfg 2023-01-15 v3.1.10 (3.1.10)
)
Driver file for pgf: pgfsys-pdftex.def
 (/usr/share/texmf-dist/tex/generic/pgf/systemlayer/pgfsys-pdftex.def
File: pgfsys-pdftex.def 2023-01-15 v3.1.10 (3.1.10)
 (/usr/share/texmf-dist/tex/generic/pgf/systemlayer/pgfsys-common-pdf.def
File: pgfsys-common-pdf.def 2023-01-15 v3.1.10 (3.1.10)
))) (/usr/share/texmf-dist/tex/generic/pgf/systemlayer/pgfsyssoftpath.code.tex
File: pgfsyssoftpath.code.tex 2023-01-15 v3.1.10 (3.1.10)
\pgfsyssoftpath@smallbuffer@items=\count302
\pgfsyssoftpath@bigbuffer@items=\count303
) (/usr/share/texmf-dist/tex/generic/pgf/systemlayer/pgfsysprotocol.code.tex
File: pgfsysprotocol.code.tex 2023-01-15 v3.1.10 (3.1.10)
)) (/usr/share/texmf-dist/tex/latex/xcolor/xcolor.sty
Package: xcolor 2023/11/15 v3.01 LaTeX color extensions (UK)
 (/usr/share/texmf-dist/tex/latex/graphics-cfg/color.cfg
File: color.cfg 2016/01/02 v1.6 sample color configuration
)
Package xcolor Info: Driver file: pdftex.def on input line 274.
 (/usr/share/texmf-dist/tex/latex/graphics/mathcolor.ltx)
Package xcolor Info: Model `cmy' substituted by `cmy0' on input line 1350.
Package xcolor Info: Model `hsb' substituted by `rgb' on input line 1354.
Package xcolor Info: Model `RGB' extended on input line 1366.
Package xcolor Info: Model `HTML' substituted by `rgb' on input line 1368.
Package xcolor Info: Model `Hsb' substituted by `hsb' on input line 1369.
Package xcolor Info: Model `tHsb' substituted by `hsb' on input line 1370.
Package xcolor Info: Model `HSB' substituted by `hsb' on input line 1371.
Package xcolor Info: Model `Gray' substituted by `gray' on input line 1372.
Package xcolor Info: Model `wave' substituted by `hsb' on input line 1373.
) (/usr/share/texmf-dist/tex/generic/pgf/basiclayer/pgfcore.code.tex
Package: pgfcore 2023-01-15 v3.1.10 (3.1.10)
 (/usr/share/texmf-dist/tex/generic/pgf/math/pgfmath.code.tex (/usr/share/texmf-dist/tex/generic/pgf/math/pgfmathutil.code.tex) (/usr/share/texmf-dist/tex/generic/pgf/math/pgfmathparser.code.tex
\pgfmath@dimen=\dimen170
\pgfmath@count=\count304
\pgfmath@box=\box61
\pgfmath@toks=\toks29
\pgfmath@stack@operand=\toks30
\pgfmath@stack@operation=\toks31
) (/usr/share/texmf-dist/tex/generic/pgf/math/pgfmathfunctions.code.tex) (/usr/share/texmf-dist/tex/generic/pgf/math/pgfmathfunctions.basic.code.tex) (/usr/share/texmf-dist/tex/generic/pgf/math/pgfmathfunctions.trigonometric.code.tex) (/usr/share/texmf-dist/tex/generic/pgf/math/pgfmathfunctions.random.code.tex) (/usr/share/texmf-dist/tex/generic/pgf/math/pgfmathfunctions.comparison.code.tex) (/usr/share/texmf-dist/tex/generic/pgf/math/pgfmathfunctions.base.code.tex) (/usr/share/texmf-dist/tex/generic/pgf/math/pgfmathfunctions.round.code.tex) (/usr/share/texmf-dist/tex/generic/pgf/math/pgfmathfunctions.misc.code.tex) (/usr/share/texmf-dist/tex/generic/pgf/math/pgfmathfunctions.integerarithmetics.code.tex)
(/usr/share/texmf-dist/tex/generic/pgf/math/pgfmathcalc.code.tex) (/usr/share/texmf-dist/tex/generic/pgf/math/pgfmathfloat.code.tex
\c@pgfmathroundto@lastzeros=\count305
)) (/usr/share/texmf-dist/tex/generic/pgf/math/pgfint.code.tex) (/usr/share/texmf-dist/tex/generic/pgf/basiclayer/pgfcorepoints.code.tex
File: pgfcorepoints.code.tex 2023-01-15 v3.1.10 (3.1.10)
\pgf@picminx=\dimen171
\pgf@picmaxx=\dimen172
\pgf@picminy=\dimen173
\pgf@picmaxy=\dimen174
\pgf@pathminx=\dimen175
\pgf@pathmaxx=\dimen176
\pgf@pathminy=\dimen177
\pgf@pathmaxy=\dimen178
\pgf@xx=\dimen179
\pgf@xy=\dimen180
\pgf@yx=\dimen181
\pgf@yy=\dimen182
\pgf@zx=\dimen183
\pgf@zy=\dimen184
) (/usr/share/texmf-dist/tex/generic/pgf/basiclayer/pgfcorepathconstruct.code.tex
File: pgfcorepathconstruct.code.tex 2023-01-15 v3.1.10 (3.1.10)
\pgf@path@lastx=\dimen185
\pgf@path@lasty=\dimen186
) (/usr/share/texmf-dist/tex/generic/pgf/basiclayer/pgfcorepathusage.code.tex
File: pgfcorepathusage.code.tex 2023-01-15 v3.1.10 (3.1.10)
\pgf@shorten@end@additional=\dimen187
\pgf@shorten@start@additional=\dimen188
) (/usr/share/texmf-dist/tex/generic/pgf/basiclayer/pgfcorescopes.code.tex
File: pgfcorescopes.code.tex 2023-01-15 v3.1.10 (3.1.10)
\pgfpic=\box62
\pgf@hbox=\box63
\pgf@layerbox@main=\box64
\pgf@picture@serial@count=\count306
) (/usr/share/texmf-dist/tex/generic/pgf/basiclayer/pgfcoregraphicstate.code.tex
File: pgfcoregraphicstate.code.tex 2023-01-15 v3.1.10 (3.1.10)
\pgflinewidth=\dimen189
) (/usr/share/texmf-dist/tex/generic/pgf/basiclayer/pgfcoretransformations.code.tex
File: pgfcoretransformations.code.tex 2023-01-15 v3.1.10 (3.1.10)
\pgf@pt@x=\dimen190
\pgf@pt@y=\dimen191
\pgf@pt@temp=\dimen192
) (/usr/share/texmf-dist/tex/generic/pgf/basiclayer/pgfcorequick.code.tex
File: pgfcorequick.code.tex 2023-01-15 v3.1.10 (3.1.10)
) (/usr/share/texmf-dist/tex/generic/pgf/basiclayer/pgfcoreobjects.code.tex
File: pgfcoreobjects.code.tex 2023-01-15 v3.1.10 (3.1.10)
) (/usr/share/texmf-dist/tex/generic/pgf/basiclayer/pgfcorepathprocessing.code.tex
File: pgfcorepathprocessing.code.tex 2023-01-15 v3.1.10 (3.1.10)
) (/usr/share/texmf-dist/tex/generic/pgf/basiclayer/pgfcorearrows.code.tex
File: pgfcorearrows.code.tex 2023-01-15 v3.1.10 (3.1.10)
\pgfarrowsep=\dimen193
) (/usr/share/texmf-dist/tex/generic/pgf/basiclayer/pgfcoreshade.code.tex
File: pgfcoreshade.code.tex 2023-01-15 v3.1.10 (3.1.10)
\pgf@max=\dimen194
\pgf@sys@shading@range@num=\count307
\pgf@shadingcount=\count308
) (/usr/share/texmf-dist/tex/generic/pgf/basiclayer/pgfcoreimage.code.tex
File: pgfcoreimage.code.tex 2023-01-15 v3.1.10 (3.1.10)
) (/usr/share/texmf-dist/tex/generic/pgf/basiclayer/pgfcoreexternal.code.tex
File: pgfcoreexternal.code.tex 2023-01-15 v3.1.10 (3.1.10)
\pgfexternal@startupbox=\box65
) (/usr/share/texmf-dist/tex/generic/pgf/basiclayer/pgfcorelayers.code.tex
File: pgfcorelayers.code.tex 2023-01-15 v3.1.10 (3.1.10)
) (/usr/share/texmf-dist/tex/generic/pgf/basiclayer/pgfcoretransparency.code.tex
File: pgfcoretransparency.code.tex 2023-01-15 v3.1.10 (3.1.10)
) (/usr/share/texmf-dist/tex/generic/pgf/basiclayer/pgfcorepatterns.code.tex
File: pgfcorepatterns.code.tex 2023-01-15 v3.1.10 (3.1.10)
) (/usr/share/texmf-dist/tex/generic/pgf/basiclayer/pgfcorerdf.code.tex
File: pgfcorerdf.code.tex 2023-01-15 v3.1.10 (3.1.10)
))) (/usr/share/texmf-dist/tex/generic/pgf/modules/pgfmoduleshapes.code.tex
File: pgfmoduleshapes.code.tex 2023-01-15 v3.1.10 (3.1.10)
\pgfnodeparttextbox=\box66
) (/usr/share/texmf-dist/tex/generic/pgf/modules/pgfmoduleplot.code.tex
File: pgfmoduleplot.code.tex 2023-01-15 v3.1.10 (3.1.10)
) (/usr/share/texmf-dist/tex/latex/pgf/compatibility/pgfcomp-version-0-65.sty
Package: pgfcomp-version-0-65 2023-01-15 v3.1.10 (3.1.10)
\pgf@nodesepstart=\dimen195
\pgf@nodesepend=\dimen196
) (/usr/share/texmf-dist/tex/latex/pgf/compatibility/pgfcomp-version-1-18.sty
Package: pgfcomp-version-1-18 2023-01-15 v3.1.10 (3.1.10)
)) (/usr/share/texmf-dist/tex/latex/tools/verbatim.sty
Package: verbatim 2023-11-06 v1.5v LaTeX2e package for verbatim enhancements
\every@verbatim=\toks32
\verbatim@line=\toks33
\verbatim@in@stream=\read5
) (/usr/share/texmf-dist/tex/latex/environ/environ.sty
Package: environ 2014/05/04 v0.3 A new way to define environments
 (/usr/share/texmf-dist/tex/latex/trimspaces/trimspaces.sty
Package: trimspaces 2009/09/17 v1.1 Trim spaces around a token list
)
\@envbody=\toks34
)
\tcb@titlebox=\box67
\tcb@upperbox=\box68
\tcb@lowerbox=\box69
\tcb@phantombox=\box70
\c@tcbbreakpart=\count309
\c@tcblayer=\count310
\c@tcolorbox@number=\count311
\l__tcobox_tmpa_box=\box71
\l__tcobox_tmpa_dim=\dimen197
\tcb@temp=\box72
\tcb@temp=\box73
\tcb@temp=\box74
\tcb@temp=\box75

(/usr/share/texmf-dist/tex/latex/tcolorbox/tcbraster.code.tex
Library (tcolorbox): 'tcbraster.code.tex' version '6.2.0'
\c@tcbrastercolumn=\count312
\c@tcbrasterrow=\count313
\c@tcbrasternum=\count314
\c@tcbraster=\count315
) (/usr/share/texmf-dist/tex/latex/tcolorbox/tcbskins.code.tex
Library (tcolorbox): 'tcbskins.code.tex' version '6.2.0'
(/usr/share/texmf-dist/tex/latex/pgf/frontendlayer/tikz.sty (/usr/share/texmf-dist/tex/latex/pgf/utilities/pgffor.sty (/usr/share/texmf-dist/tex/latex/pgf/utilities/pgfkeys.sty (/usr/share/texmf-dist/tex/generic/pgf/utilities/pgfkeys.code.tex)) (/usr/share/texmf-dist/tex/latex/pgf/math/pgfmath.sty (/usr/share/texmf-dist/tex/generic/pgf/math/pgfmath.code.tex)) (/usr/share/texmf-dist/tex/generic/pgf/utilities/pgffor.code.tex
Package: pgffor 2023-01-15 v3.1.10 (3.1.10)
\pgffor@iter=\dimen198
\pgffor@skip=\dimen199
\pgffor@stack=\toks35
\pgffor@toks=\toks36
)) (/usr/share/texmf-dist/tex/generic/pgf/frontendlayer/tikz/tikz.code.tex
Package: tikz 2023-01-15 v3.1.10 (3.1.10)
 (/usr/share/texmf-dist/tex/generic/pgf/libraries/pgflibraryplothandlers.code.tex
File: pgflibraryplothandlers.code.tex 2023-01-15 v3.1.10 (3.1.10)
\pgf@plot@mark@count=\count316
\pgfplotmarksize=\dimen256
)
\tikz@lastx=\dimen257
\tikz@lasty=\dimen258
\tikz@lastxsaved=\dimen259
\tikz@lastysaved=\dimen260
\tikz@lastmovetox=\dimen261
\tikz@lastmovetoy=\dimen262
\tikzleveldistance=\dimen263
\tikzsiblingdistance=\dimen264
\tikz@figbox=\box76
\tikz@figbox@bg=\box77
\tikz@tempbox=\box78
\tikz@tempbox@bg=\box79
\tikztreelevel=\count317
\tikznumberofchildren=\count318
\tikznumberofcurrentchild=\count319
\tikz@fig@count=\count320
 (/usr/share/texmf-dist/tex/generic/pgf/modules/pgfmodulematrix.code.tex
File: pgfmodulematrix.code.tex 2023-01-15 v3.1.10 (3.1.10)
\pgfmatrixcurrentrow=\count321
\pgfmatrixcurrentcolumn=\count322
\pgf@matrix@numberofcolumns=\count323
)
\tikz@expandcount=\count324
 (/usr/share/texmf-dist/tex/generic/pgf/frontendlayer/tikz/libraries/tikzlibrarytopaths.code.tex
File: tikzlibrarytopaths.code.tex 2023-01-15 v3.1.10 (3.1.10)
))) (/usr/share/texmf-dist/tex/latex/tikzfill/tikzfill.image.sty
Package: tikzfill.image 2023/08/08 v1.0.1 Image filling library for TikZ
 (/usr/share/texmf-dist/tex/latex/tikzfill/tikzfill-common.sty
Package: tikzfill-common 2023/08/08 v1.0.1 Auxiliary code for tikzfill
) (/usr/share/texmf-dist/tex/latex/tikzfill/tikzlibraryfill.image.code.tex
File: tikzlibraryfill.image.code.tex 2023/08/08 v1.0.1 Image filling library
\l__tikzfill_img_box=\box80
)) (/usr/share/texmf-dist/tex/latex/tcolorbox/tcbskinsjigsaw.code.tex
Library (tcolorbox): 'tcbskinsjigsaw.code.tex' version '6.2.0'
)) (/usr/share/texmf-dist/tex/latex/tcolorbox/tcbbreakable.code.tex
Library (tcolorbox): 'tcbbreakable.code.tex' version '6.2.0'
(/usr/share/texmf-dist/tex/latex/pdfcol/pdfcol.sty
Package: pdfcol 2022-09-21 v1.7 Handle new color stacks for pdfTeX (HO)
)
Package pdfcol Info: New color stack `tcb@breakable' = 1 on input line 23.
\tcb@testbox=\box81
\tcb@totalupperbox=\box82
\tcb@totallowerbox=\box83
) (/usr/share/texmf-dist/tex/latex/tcolorbox/tcbhooks.code.tex
Library (tcolorbox): 'tcbhooks.code.tex' version '6.2.0'
) (/usr/share/texmf-dist/tex/latex/tcolorbox/tcbtheorems.code.tex
Library (tcolorbox): 'tcbtheorems.code.tex' version '6.2.0'
(/usr/share/texmf-dist/tex/latex/amsmath/amsmath.sty
Package: amsmath 2023/05/13 v2.17o AMS math features
\@mathmargin=\skip52

For additional information on amsmath, use the `?' option.
(/usr/share/texmf-dist/tex/latex/amsmath/amstext.sty
Package: amstext 2021/08/26 v2.01 AMS text
 (/usr/share/texmf-dist/tex/latex/amsmath/amsgen.sty
File: amsgen.sty 1999/11/30 v2.0 generic functions
\@emptytoks=\toks37
\ex@=\dimen265
)) (/usr/share/texmf-dist/tex/latex/amsmath/amsbsy.sty
Package: amsbsy 1999/11/29 v1.2d Bold Symbols
\pmbraise@=\dimen266
) (/usr/share/texmf-dist/tex/latex/amsmath/amsopn.sty
Package: amsopn 2022/04/08 v2.04 operator names
)
\inf@bad=\count325
LaTeX Info: Redefining \frac on input line 234.
\uproot@=\count326
\leftroot@=\count327
LaTeX Info: Redefining \overline on input line 399.
LaTeX Info: Redefining \colon on input line 410.
\classnum@=\count328
\DOTSCASE@=\count329
LaTeX Info: Redefining \ldots on input line 496.
LaTeX Info: Redefining \dots on input line 499.
LaTeX Info: Redefining \cdots on input line 620.
\Mathstrutbox@=\box84
\strutbox@=\box85
LaTeX Info: Redefining \big on input line 722.
LaTeX Info: Redefining \Big on input line 723.
LaTeX Info: Redefining \bigg on input line 724.
LaTeX Info: Redefining \Bigg on input line 725.
\big@size=\dimen267
LaTeX Font Info:    Redeclaring font encoding OML on input line 743.
LaTeX Font Info:    Redeclaring font encoding OMS on input line 744.
\macc@depth=\count330
LaTeX Info: Redefining \bmod on input line 905.
LaTeX Info: Redefining \pmod on input line 910.
LaTeX Info: Redefining \smash on input line 940.
LaTeX Info: Redefining \relbar on input line 970.
LaTeX Info: Redefining \Relbar on input line 971.
\c@MaxMatrixCols=\count331
\dotsspace@=\muskip16
\c@parentequation=\count332
\dspbrk@lvl=\count333
\tag@help=\toks38
\row@=\count334
\column@=\count335
\maxfields@=\count336
\andhelp@=\toks39
\eqnshift@=\dimen268
\alignsep@=\dimen269
\tagshift@=\dimen270
\tagwidth@=\dimen271
\totwidth@=\dimen272
\lineht@=\dimen273
\@envbody=\toks40
\multlinegap=\skip53
\multlinetaggap=\skip54
\mathdisplay@stack=\toks41
LaTeX Info: Redefining \[ on input line 2953.
LaTeX Info: Redefining \] on input line 2954.
)
\linenoamsmath@ams@eqpen=\count337
) (/usr/share/texmf-dist/tex/latex/tcolorbox/tcbfitting.code.tex
Library (tcolorbox): 'tcbfitting.code.tex' version '6.2.0'
\tcbfitdim=\dimen274
\tcb@lowerfitdim=\dimen275
\tcb@upperfitdim=\dimen276
\tcb@cur@hbadness=\count338
) (/usr/share/texmf-dist/tex/latex/tcolorbox/tcblistingsutf8.code.tex
Library (tcolorbox): 'tcblistingsutf8.code.tex' version '6.2.0'
(/usr/share/texmf-dist/tex/latex/tcolorbox/tcblistings.code.tex
Library (tcolorbox): 'tcblistings.code.tex' version '6.2.0'
(/usr/share/texmf-dist/tex/latex/listings/listings.sty
\lst@mode=\count339
\lst@gtempboxa=\box86
\lst@token=\toks42
\lst@length=\count340
\lst@currlwidth=\dimen277
\lst@column=\count341
\lst@pos=\count342
\lst@lostspace=\dimen278
\lst@width=\dimen279
\lst@newlines=\count343
\lst@lineno=\count344
\lst@maxwidth=\dimen280
 (/usr/share/texmf-dist/tex/latex/listings/lstpatch.sty
File: lstpatch.sty 2024/02/21 1.10 (Carsten Heinz)
) (/usr/share/texmf-dist/tex/latex/listings/lstmisc.sty
File: lstmisc.sty 2024/02/21 1.10 (Carsten Heinz)
\c@lstnumber=\count345
\lst@skipnumbers=\count346
\lst@framebox=\box87
) (/usr/share/texmf-dist/tex/latex/listings/listings.cfg
File: listings.cfg 2024/02/21 1.10 listings configuration
))
Package: listings 2024/02/21 1.10 (Carsten Heinz)
 (/usr/share/texmf-dist/tex/latex/tcolorbox/tcblistingscore.code.tex
Library (tcolorbox): 'tcblistingscore.code.tex' version '6.2.0'
(/usr/share/texmf-dist/tex/latex/tcolorbox/tcbprocessing.code.tex
Library (tcolorbox): 'tcbprocessing.code.tex' version '6.2.0'
)
\c@tcblisting=\count347
)) (/usr/share/texmf-dist/tex/latex/listingsutf8/listingsutf8.sty
Package: listingsutf8 2019-12-10 v1.5 Allow UTF-8 in listings input (HO)
 (/usr/share/texmf-dist/tex/generic/stringenc/stringenc.sty
Package: stringenc 2019/11/29 v1.12 Convert strings between diff. encodings (HO)
 (/usr/share/texmf-dist/tex/generic/pdfescape/pdfescape.sty
Package: pdfescape 2019/12/09 v1.15 Implements pdfTeX's escape features (HO)
)))) (/usr/share/texmf-dist/tex/latex/tcolorbox/tcbexternal.code.tex
Library (tcolorbox): 'tcbexternal.code.tex' version '6.2.0'
) (/usr/share/texmf-dist/tex/latex/tcolorbox/tcbmagazine.code.tex
Library (tcolorbox): 'tcbmagazine.code.tex' version '6.2.0'
) (/usr/share/texmf-dist/tex/latex/tcolorbox/tcbvignette.code.tex
Library (tcolorbox): 'tcbvignette.code.tex' version '6.2.0'
(/usr/share/texmf-dist/tex/generic/pgf/frontendlayer/tikz/libraries/tikzlibraryfadings.code.tex
File: tikzlibraryfadings.code.tex 2023-01-15 v3.1.10 (3.1.10)
 (/usr/share/texmf-dist/tex/generic/pgf/libraries/pgflibraryfadings.code.tex
File: pgflibraryfadings.code.tex 2023-01-15 v3.1.10 (3.1.10)
))) (/usr/share/texmf-dist/tex/latex/tcolorbox/tcbposter.code.tex
Library (tcolorbox): 'tcbposter.code.tex' version '6.2.0'
)) (/usr/share/texmf-dist/tex/latex/geometry/geometry.sty
Package: geometry 2020/01/02 v5.9 Page Geometry
 (/usr/share/texmf-dist/tex/generic/iftex/ifvtex.sty
Package: ifvtex 2019/10/25 v1.7 ifvtex legacy package. Use iftex instead.
)
\Gm@cnth=\count348
\Gm@cntv=\count349
\c@Gm@tempcnt=\count350
\Gm@bindingoffset=\dimen281
\Gm@wd@mp=\dimen282
\Gm@odd@mp=\dimen283
\Gm@even@mp=\dimen284
\Gm@layoutwidth=\dimen285
\Gm@layoutheight=\dimen286
\Gm@layouthoffset=\dimen287
\Gm@layoutvoffset=\dimen288
\Gm@dimlist=\toks43
) (/usr/share/texmf-dist/tex/latex/amsfonts/amsfonts.sty
Package: amsfonts 2013/01/14 v3.01 Basic AMSFonts support
\symAMSa=\mathgroup4
\symAMSb=\mathgroup5
LaTeX Font Info:    Redeclaring math symbol \hbar on input line 98.
LaTeX Font Info:    Overwriting math alphabet `\mathfrak' in version `bold'
(Font)                  U/euf/m/n --> U/euf/b/n on input line 106.
) (/usr/share/texmf-dist/tex/latex/amscls/amsthm.sty
Package: amsthm 2020/05/29 v2.20.6
\thm@style=\toks44
\thm@bodyfont=\toks45
\thm@headfont=\toks46
\thm@notefont=\toks47
\thm@headpunct=\toks48
\thm@preskip=\skip55
\thm@postskip=\skip56
\thm@headsep=\skip57
\dth@everypar=\toks49
) (/usr/share/texmf-dist/tex/latex/amsfonts/amssymb.sty
Package: amssymb 2013/01/14 v3.01 AMS font symbols
) (/usr/share/texmf-dist/tex/latex/mathtools/mathtools.sty
Package: mathtools 2024/03/11 v1.30 mathematical typesetting tools
 (/usr/share/texmf-dist/tex/latex/tools/calc.sty
Package: calc 2023/07/08 v4.3 Infix arithmetic (KKT,FJ)
\calc@Acount=\count351
\calc@Bcount=\count352
\calc@Adimen=\dimen289
\calc@Bdimen=\dimen290
\calc@Askip=\skip58
\calc@Bskip=\skip59
LaTeX Info: Redefining \setlength on input line 80.
LaTeX Info: Redefining \addtolength on input line 81.
\calc@Ccount=\count353
\calc@Cskip=\skip60
) (/usr/share/texmf-dist/tex/latex/mathtools/mhsetup.sty
Package: mhsetup 2021/03/18 v1.4 programming setup (MH)
)
\g_MT_multlinerow_int=\count354
\l_MT_multwidth_dim=\dimen291
\origjot=\skip61
\l_MT_shortvdotswithinadjustabove_dim=\dimen292
\l_MT_shortvdotswithinadjustbelow_dim=\dimen293
\l_MT_above_intertext_sep=\dimen294
\l_MT_below_intertext_sep=\dimen295
\l_MT_above_shortintertext_sep=\dimen296
\l_MT_below_shortintertext_sep=\dimen297
\xmathstrut@box=\box88
\xmathstrut@dim=\dimen298
) (/usr/share/texmf-dist/tex/latex/xfrac/xfrac.sty
Package: xfrac 2024-02-13 Split-level fractions
 (/usr/share/texmf-dist/tex/latex/l3packages/xtemplate/xtemplate.sty (/usr/share/texmf-dist/tex/latex/l3packages/xtemplate/xtemplate-2023-10-10.sty (/usr/share/texmf-dist/tex/latex/l3kernel/expl3.sty
Package: expl3 2024-02-20 L3 programming layer (loader) 
 (/usr/share/texmf-dist/tex/latex/l3backend/l3backend-pdftex.def
File: l3backend-pdftex.def 2024-02-20 L3 backend support: PDF output (pdfTeX)
\l__color_backend_stack_int=\count355
\l__pdf_internal_box=\box89
))
Package: xtemplate 2023-10-10 L3 Experimental prototype document functions
\l__xtemplate_tmp_dim=\dimen299
\l__xtemplate_tmp_int=\count356
\l__xtemplate_tmp_muskip=\muskip17
\l__xtemplate_tmp_skip=\skip62
))
\l__xfrac_slash_box=\box90
\l__xfrac_tmp_box=\box91
\l__xfrac_denominator_bot_sep_dim=\dimen300
\l__xfrac_numerator_bot_sep_dim=\dimen301
\l__xfrac_numerator_top_sep_dim=\dimen302
\l__xfrac_slash_left_sep_dim=\dimen303
\l__xfrac_slash_right_sep_dim=\dimen304
\l__xfrac_slash_left_muskip=\muskip18
\l__xfrac_slash_right_muskip=\muskip19

Package xtemplate Info: Declaring object type 'xfrac' taking 3 argument(s) on
(xtemplate)             line 98.

) (/usr/share/texmf-dist/tex/latex/tools/tabularx.sty
Package: tabularx 2023/07/08 v2.11c `tabularx' package (DPC)
 (/usr/share/texmf-dist/tex/latex/tools/array.sty
Package: array 2023/10/16 v2.5g Tabular extension package (FMi)
\col@sep=\dimen305
\ar@mcellbox=\box92
\extrarowheight=\dimen306
\NC@list=\toks50
\extratabsurround=\skip63
\backup@length=\skip64
\ar@cellbox=\box93
)
\TX@col@width=\dimen307
\TX@old@table=\dimen308
\TX@old@col=\dimen309
\TX@target=\dimen310
\TX@delta=\dimen311
\TX@cols=\count357
\TX@ftn=\toks51
) (/usr/share/texmf-dist/tex/latex/booktabs/booktabs.sty
Package: booktabs 2020/01/12 v1.61803398 Publication quality tables
\heavyrulewidth=\dimen312
\lightrulewidth=\dimen313
\cmidrulewidth=\dimen314
\belowrulesep=\dimen315
\belowbottomsep=\dimen316
\aboverulesep=\dimen317
\abovetopsep=\dimen318
\cmidrulesep=\dimen319
\cmidrulekern=\dimen320
\defaultaddspace=\dimen321
\@cmidla=\count358
\@cmidlb=\count359
\@aboverulesep=\dimen322
\@belowrulesep=\dimen323
\@thisruleclass=\count360
\@lastruleclass=\count361
\@thisrulewidth=\dimen324
) (/usr/share/texmf-dist/tex/latex/cancel/cancel.sty
Package: cancel 2013/04/12 v2.2 Cancel math terms
) (/usr/share/texmf-dist/tex/latex/caption/subcaption.sty
Package: subcaption 2023/07/28 v1.6b Sub-captions (AR)
 (/usr/share/texmf-dist/tex/latex/caption/caption.sty
Package: caption 2023/08/05 v3.6o Customizing captions (AR)
 (/usr/share/texmf-dist/tex/latex/caption/caption3.sty
Package: caption3 2023/07/31 v2.4d caption3 kernel (AR)
\caption@tempdima=\dimen325
\captionmargin=\dimen326
\caption@leftmargin=\dimen327
\caption@rightmargin=\dimen328
\caption@width=\dimen329
\caption@indent=\dimen330
\caption@parindent=\dimen331
\caption@hangindent=\dimen332
Package caption Info: Standard document class detected.
)
\c@caption@flags=\count362
\c@continuedfloat=\count363
Package caption Info: float package is loaded.
Package caption Info: listings package is loaded.
)
Package caption Info: New subtype `subfigure' on input line 238.
\c@subfigure=\count364
Package caption Info: New subtype `subtable' on input line 238.
\c@subtable=\count365
) (/usr/share/texmf-dist/tex/latex/bookmark/bookmark.sty
Package: bookmark 2023-12-10 v1.31 PDF bookmarks (HO)
 (/usr/share/texmf-dist/tex/latex/hyperref/hyperref.sty
Package: hyperref 2024-01-20 v7.01h Hypertext links for LaTeX
 (/usr/share/texmf-dist/tex/generic/kvdefinekeys/kvdefinekeys.sty
Package: kvdefinekeys 2019-12-19 v1.6 Define keys (HO)
) (/usr/share/texmf-dist/tex/latex/hycolor/hycolor.sty
Package: hycolor 2020-01-27 v1.10 Color options for hyperref/bookmark (HO)
) (/usr/share/texmf-dist/tex/latex/auxhook/auxhook.sty
Package: auxhook 2019-12-17 v1.6 Hooks for auxiliary files (HO)
) (/usr/share/texmf-dist/tex/latex/hyperref/nameref.sty
Package: nameref 2023-11-26 v2.56 Cross-referencing by name of section
 (/usr/share/texmf-dist/tex/latex/refcount/refcount.sty
Package: refcount 2019/12/15 v3.6 Data extraction from label references (HO)
) (/usr/share/texmf-dist/tex/generic/gettitlestring/gettitlestring.sty
Package: gettitlestring 2019/12/15 v1.6 Cleanup title references (HO)
)
\c@section@level=\count366
)
\@linkdim=\dimen333
\Hy@linkcounter=\count367
\Hy@pagecounter=\count368
 (/usr/share/texmf-dist/tex/latex/hyperref/pd1enc.def
File: pd1enc.def 2024-01-20 v7.01h Hyperref: PDFDocEncoding definition (HO)
Now handling font encoding PD1 ...
... no UTF-8 mapping file for font encoding PD1
) (/usr/share/texmf-dist/tex/generic/intcalc/intcalc.sty
Package: intcalc 2019/12/15 v1.3 Expandable calculations with integers (HO)
)
\Hy@SavedSpaceFactor=\count369
 (/usr/share/texmf-dist/tex/latex/hyperref/puenc.def
File: puenc.def 2024-01-20 v7.01h Hyperref: PDF Unicode definition (HO)
Now handling font encoding PU ...
... no UTF-8 mapping file for font encoding PU
)
Package hyperref Info: Hyper figures OFF on input line 4179.
Package hyperref Info: Link nesting OFF on input line 4184.
Package hyperref Info: Hyper index ON on input line 4187.
Package hyperref Info: Plain pages OFF on input line 4194.
Package hyperref Info: Backreferencing OFF on input line 4199.
Package hyperref Info: Implicit mode ON; LaTeX internals redefined.
Package hyperref Info: Bookmarks ON on input line 4446.
\c@Hy@tempcnt=\count370
 (/usr/share/texmf-dist/tex/latex/url/url.sty
\Urlmuskip=\muskip20
Package: url 2013/09/16  ver 3.4  Verb mode for urls, etc.
)
LaTeX Info: Redefining \url on input line 4784.
\XeTeXLinkMargin=\dimen334
 (/usr/share/texmf-dist/tex/generic/bitset/bitset.sty
Package: bitset 2019/12/09 v1.3 Handle bit-vector datatype (HO)
 (/usr/share/texmf-dist/tex/generic/bigintcalc/bigintcalc.sty
Package: bigintcalc 2019/12/15 v1.5 Expandable calculations on big integers (HO)
))
\Fld@menulength=\count371
\Field@Width=\dimen335
\Fld@charsize=\dimen336
Package hyperref Info: Hyper figures OFF on input line 6063.
Package hyperref Info: Link nesting OFF on input line 6068.
Package hyperref Info: Hyper index ON on input line 6071.
Package hyperref Info: backreferencing OFF on input line 6078.
Package hyperref Info: Link coloring OFF on input line 6083.
Package hyperref Info: Link coloring with OCG OFF on input line 6088.
Package hyperref Info: PDF/A mode OFF on input line 6093.
 (/usr/share/texmf-dist/tex/latex/base/atbegshi-ltx.sty
Package: atbegshi-ltx 2021/01/10 v1.0c Emulation of the original atbegshi
package with kernel methods
)
\Hy@abspage=\count372
\c@Item=\count373
\c@Hfootnote=\count374
)
Package hyperref Info: Driver (autodetected): hpdftex.

(/usr/share/texmf-dist/tex/latex/hyperref/hpdftex.def
File: hpdftex.def 2024-01-20 v7.01h Hyperref driver for pdfTeX
 (/usr/share/texmf-dist/tex/latex/base/atveryend-ltx.sty
Package: atveryend-ltx 2020/08/19 v1.0a Emulation of the original atveryend package
with kernel methods
)
\Fld@listcount=\count375
\c@bookmark@seq@number=\count376
 (/usr/share/texmf-dist/tex/latex/rerunfilecheck/rerunfilecheck.sty
Package: rerunfilecheck 2022-07-10 v1.10 Rerun checks for auxiliary files (HO)
 (/usr/share/texmf-dist/tex/generic/uniquecounter/uniquecounter.sty
Package: uniquecounter 2019/12/15 v1.4 Provide unlimited unique counter (HO)
)
Package uniquecounter Info: New unique counter `rerunfilecheck' on input line 285.
)
\Hy@SectionHShift=\skip65
) (/usr/share/texmf-dist/tex/latex/bookmark/bkm-pdftex.def
File: bkm-pdftex.def 2023-12-10 v1.31 bookmark driver for pdfTeX and luaTeX (HO)
\BKM@id=\count377
)) (/usr/share/texmf-dist/tex/latex/enumitem/enumitem.sty
Package: enumitem 2019/06/20 v3.9 Customized lists
\labelindent=\skip66
\enit@outerparindent=\dimen337
\enit@toks=\toks52
\enit@inbox=\box94
\enit@count@id=\count378
\enitdp@description=\count379
) (/usr/share/texmf-dist/tex/latex/theoremref/theoremref.sty
Package: theoremref 2013/05/22 References with automatic theorem names
\thmref@num=\count380
) (/usr/share/texmf-dist/tex/latex/mdframed/mdframed.sty
Package: mdframed 2013/07/01 1.9b: mdframed
 (/usr/share/texmf-dist/tex/latex/l3packages/xparse/xparse.sty
Package: xparse 2024-02-18 L3 Experimental document command parser
) (/usr/share/texmf-dist/tex/latex/zref/zref-abspage.sty
Package: zref-abspage 2023-09-14 v2.35 Module abspage for zref (HO)
 (/usr/share/texmf-dist/tex/latex/zref/zref-base.sty
Package: zref-base 2023-09-14 v2.35 Module base for zref (HO)
Package zref Info: New property list: main on input line 767.
Package zref Info: New property: default on input line 768.
Package zref Info: New property: page on input line 769.
)
\c@abspage=\count381
Package zref Info: New property: abspage on input line 67.
) (/usr/share/texmf-dist/tex/latex/needspace/needspace.sty
Package: needspace 2010/09/12 v1.3d reserve vertical space
)
\mdf@templength=\skip67
\c@mdf@globalstyle@cnt=\count382
\mdf@skipabove@length=\skip68
\mdf@skipbelow@length=\skip69
\mdf@leftmargin@length=\skip70
\mdf@rightmargin@length=\skip71
\mdf@innerleftmargin@length=\skip72
\mdf@innerrightmargin@length=\skip73
\mdf@innertopmargin@length=\skip74
\mdf@innerbottommargin@length=\skip75
\mdf@splittopskip@length=\skip76
\mdf@splitbottomskip@length=\skip77
\mdf@outermargin@length=\skip78
\mdf@innermargin@length=\skip79
\mdf@linewidth@length=\skip80
\mdf@innerlinewidth@length=\skip81
\mdf@middlelinewidth@length=\skip82
\mdf@outerlinewidth@length=\skip83
\mdf@roundcorner@length=\skip84
\mdf@footenotedistance@length=\skip85
\mdf@userdefinedwidth@length=\skip86
\mdf@needspace@length=\skip87
\mdf@frametitleaboveskip@length=\skip88
\mdf@frametitlebelowskip@length=\skip89
\mdf@frametitlerulewidth@length=\skip90
\mdf@frametitleleftmargin@length=\skip91
\mdf@frametitlerightmargin@length=\skip92
\mdf@shadowsize@length=\skip93
\mdf@extratopheight@length=\skip94
\mdf@subtitleabovelinewidth@length=\skip95
\mdf@subtitlebelowlinewidth@length=\skip96
\mdf@subtitleaboveskip@length=\skip97
\mdf@subtitlebelowskip@length=\skip98
\mdf@subtitleinneraboveskip@length=\skip99
\mdf@subtitleinnerbelowskip@length=\skip100
\mdf@subsubtitleabovelinewidth@length=\skip101
\mdf@subsubtitlebelowlinewidth@length=\skip102
\mdf@subsubtitleaboveskip@length=\skip103
\mdf@subsubtitlebelowskip@length=\skip104
\mdf@subsubtitleinneraboveskip@length=\skip105
\mdf@subsubtitleinnerbelowskip@length=\skip106
 (/usr/share/texmf-dist/tex/latex/mdframed/md-frame-0.mdf
File: md-frame-0.mdf 2013/07/01\ 1.9b: md-frame-0
)
\mdf@frametitlebox=\box95
\mdf@footnotebox=\box96
\mdf@splitbox@one=\box97
\mdf@splitbox@two=\box98
\mdf@splitbox@save=\box99
\mdfsplitboxwidth=\skip107
\mdfsplitboxtotalwidth=\skip108
\mdfsplitboxheight=\skip109
\mdfsplitboxdepth=\skip110
\mdfsplitboxtotalheight=\skip111
\mdfframetitleboxwidth=\skip112
\mdfframetitleboxtotalwidth=\skip113
\mdfframetitleboxheight=\skip114
\mdfframetitleboxdepth=\skip115
\mdfframetitleboxtotalheight=\skip116
\mdffootnoteboxwidth=\skip117
\mdffootnoteboxtotalwidth=\skip118
\mdffootnoteboxheight=\skip119
\mdffootnoteboxdepth=\skip120
\mdffootnoteboxtotalheight=\skip121
\mdftotallinewidth=\skip122
\mdfboundingboxwidth=\skip123
\mdfboundingboxtotalwidth=\skip124
\mdfboundingboxheight=\skip125
\mdfboundingboxdepth=\skip126
\mdfboundingboxtotalheight=\skip127
\mdf@freevspace@length=\skip128
\mdf@horizontalwidthofbox@length=\skip129
\mdf@verticalmarginwhole@length=\skip130
\mdf@horizontalspaceofbox=\skip131
\mdfsubtitleheight=\skip132
\mdfsubsubtitleheight=\skip133
\c@mdfcountframes=\count383

****** mdframed patching \endmdf@trivlist

****** -- success******

\mdf@envdepth=\count384
\c@mdf@env@i=\count385
\c@mdf@env@ii=\count386
\c@mdf@zref@counter=\count387
Package zref Info: New property: mdf@pagevalue on input line 895.
) (/usr/share/texmf-dist/tex/latex/pgf/utilities/pgfpages.sty
Package: pgfpages 2011/01/05 ver 0.02
\pgf@logicalpages=\count388
\pgf@firstshipout=\count389
\pgf@lastshipout=\count390
\pgf@currentshipout=\count391
\pgf@cpn=\count392
\pgf@shipoutnextto=\count393
\pgfphysicalheight=\dimen338
\pgfphysicalwidth=\dimen339
\pgfpages@shipoutbox=\box100
) (/usr/share/texmf-dist/tex/latex/fancyhdr/fancyhdr.sty
Package: fancyhdr 2022/11/09 v4.1 Extensive control of page headers and footers
\f@nch@headwidth=\skip134
\f@nch@O@elh=\skip135
\f@nch@O@erh=\skip136
\f@nch@O@olh=\skip137
\f@nch@O@orh=\skip138
\f@nch@O@elf=\skip139
\f@nch@O@erf=\skip140
\f@nch@O@olf=\skip141
\f@nch@O@orf=\skip142
) (/usr/share/texmf-dist/tex/latex/import/import.sty
Package: import 2020/04/01  v 6.2
) (/usr/share/texmf-dist/tex/latex/pdfpages/pdfpages.sty
Package: pdfpages 2024/01/21 v0.5y Insert pages of external PDF documents (AM)
 (/usr/share/texmf-dist/tex/latex/eso-pic/eso-pic.sty
Package: eso-pic 2023/05/03 v3.0c eso-pic (RN)
\ESO@tempdima=\dimen340
\ESO@tempdimb=\dimen341
)
\AM@pagewidth=\dimen342
\AM@pageheight=\dimen343
\AM@fboxrule=\dimen344
 (/usr/share/texmf-dist/tex/latex/pdfpages/pppdftex.def
File: pppdftex.def 2024/01/21 v0.5y Pdfpages driver for pdfTeX (AM)
)
\pdfpages@includegraphics@status=\count394
\AM@pagebox=\box101
\AM@global@opts=\toks53
\AM@pagecnt=\count395
\AM@toc@title=\toks54
\AM@lof@heading=\toks55
\c@AM@survey=\count396
\AM@templatesizebox=\box102
) (/usr/share/texmf-dist/tex/latex/transparent/transparent.sty
Package: transparent 2022-10-27 v1.5 Transparency with color stacks
 (/usr/share/texmf-dist/tex/latex/transparent/transparent-nometadata.sty
Package: transparent-nometadata 2022-10-27 v1.5 Transparency via pdfTeX's color stack (HO)
))

/home/mattw/latex/template/preamble.tex:55: LaTeX Error: Command \cftsubsubsecnumwidth undefined.

See the LaTeX manual or LaTeX Companion for explanation.
Type  H <return>  for immediate help.
 ...                                              
                                                  
l.55 \renewcommand{\cftsubsubsecnumwidth}
                                         {1.5em}
Try typing  <return>  to proceed.
If that doesn't work, type  X <return>  to quit.


/home/mattw/latex/template/preamble.tex:56: LaTeX Error: Command \cftsubsubsecaftersnum undefined.

See the LaTeX manual or LaTeX Companion for explanation.
Type  H <return>  for immediate help.
 ...                                              
                                                  
l.56 \renewcommand{\cftsubsubsecaftersnum}
                                          {.}
Try typing  <return>  to proceed.
If that doesn't work, type  X <return>  to quit.

(/usr/share/texmf-dist/tex/latex/multirow/multirow.sty
Package: multirow 2021/03/15 v2.8 Span multiple rows of a table
\multirow@colwidth=\skip143
\multirow@cntb=\count397
\multirow@dima=\skip144
\bigstrutjot=\dimen345
) (/usr/share/texmf-dist/tex/latex/tools/dcolumn.sty
Package: dcolumn 2023/07/08 v1.06 decimal alignment package (DPC)
) (/usr/share/texmf-dist/tex/latex/pgfplots/pgfplots.sty (/usr/share/texmf-dist/tex/generic/pgfplots/pgfplots.revision.tex)
Package: pgfplots 2021/05/15 v1.18.1 Data Visualization (1.18.1)
 (/usr/share/texmf-dist/tex/generic/pgfplots/pgfplots.code.tex (/usr/share/texmf-dist/tex/generic/pgfplots/pgfplotscore.code.tex
\t@pgfplots@toka=\toks56
\t@pgfplots@tokb=\toks57
\t@pgfplots@tokc=\toks58
\pgfplots@tmpa=\dimen346
\c@pgfplots@coordindex=\count398
\c@pgfplots@scanlineindex=\count399
 (/usr/share/texmf-dist/tex/generic/pgfplots/sys/pgfplotssysgeneric.code.tex)) (/usr/share/texmf-dist/tex/generic/pgfplots/libs/pgfplotslibrary.code.tex) (/usr/share/texmf-dist/tex/generic/pgfplots/oldpgfcompatib/pgfplotsoldpgfsupp_loader.code.tex (/usr/share/texmf-dist/tex/generic/pgf/libraries/pgflibraryfpu.code.tex)
Package pgfplots: loading complementary utilities for your pgf version...
\t@pgf@toka=\toks59
\t@pgf@tokb=\toks60
\t@pgf@tokc=\toks61
(/usr/share/texmf-dist/tex/generic/pgfplots/oldpgfcompatib/pgfplotsoldpgfsupp_pgfutil-common-lists.tex)) (/usr/share/texmf-dist/tex/generic/pgfplots/util/pgfplotsutil.code.tex (/usr/share/texmf-dist/tex/generic/pgfplots/liststructure/pgfplotsliststructure.code.tex) (/usr/share/texmf-dist/tex/generic/pgfplots/liststructure/pgfplotsliststructureext.code.tex) (/usr/share/texmf-dist/tex/generic/pgfplots/liststructure/pgfplotsarray.code.tex
\c@pgfplotsarray@tmp=\count400
) (/usr/share/texmf-dist/tex/generic/pgfplots/liststructure/pgfplotsmatrix.code.tex) (/usr/share/texmf-dist/tex/generic/pgfplots/numtable/pgfplotstableshared.code.tex
\c@pgfplotstable@counta=\count401
\t@pgfplotstable@a=\toks62
) (/usr/share/texmf-dist/tex/generic/pgfplots/liststructure/pgfplotsdeque.code.tex) (/usr/share/texmf-dist/tex/generic/pgfplots/util/pgfplotsbinary.code.tex (/usr/share/texmf-dist/tex/generic/pgfplots/util/pgfplotsbinary.data.code.tex)) (/usr/share/texmf-dist/tex/generic/pgfplots/util/pgfplotsutil.verb.code.tex) (/usr/share/texmf-dist/tex/generic/pgfplots/libs/pgflibrarypgfplots.surfshading.code.tex
\c@pgfplotslibrarysurf@no=\count402
 (/usr/share/texmf-dist/tex/generic/pgfplots/sys/pgflibrarypgfplots.surfshading.pgfsys-pdftex.def))) (/usr/share/texmf-dist/tex/generic/pgfplots/util/pgfplotscolormap.code.tex (/usr/share/texmf-dist/tex/generic/pgfplots/util/pgfplotscolor.code.tex)) (/usr/share/texmf-dist/tex/generic/pgfplots/pgfplotsstackedplots.code.tex) (/usr/share/texmf-dist/tex/generic/pgfplots/pgfplotsplothandlers.code.tex (/usr/share/texmf-dist/tex/generic/pgfplots/pgfplotsmeshplothandler.code.tex (/usr/share/texmf-dist/tex/generic/pgfplots/pgfplotsmeshplotimage.code.tex))) (/usr/share/texmf-dist/tex/generic/pgfplots/pgfplots.scaling.code.tex) (/usr/share/texmf-dist/tex/generic/pgfplots/pgfplotscoordprocessing.code.tex) (/usr/share/texmf-dist/tex/generic/pgfplots/pgfplots.errorbars.code.tex) (/usr/share/texmf-dist/tex/generic/pgfplots/pgfplots.markers.code.tex) (/usr/share/texmf-dist/tex/generic/pgfplots/pgfplotsticks.code.tex) (/usr/share/texmf-dist/tex/generic/pgfplots/pgfplots.paths.code.tex)
(/usr/share/texmf-dist/tex/generic/pgf/frontendlayer/tikz/libraries/tikzlibrarydecorations.code.tex (/usr/share/texmf-dist/tex/generic/pgf/modules/pgfmoduledecorations.code.tex
\pgfdecoratedcompleteddistance=\dimen347
\pgfdecoratedremainingdistance=\dimen348
\pgfdecoratedinputsegmentcompleteddistance=\dimen349
\pgfdecoratedinputsegmentremainingdistance=\dimen350
\pgf@decorate@distancetomove=\dimen351
\pgf@decorate@repeatstate=\count403
\pgfdecorationsegmentamplitude=\dimen352
\pgfdecorationsegmentlength=\dimen353
)
\tikz@lib@dec@box=\box103
) (/usr/share/texmf-dist/tex/generic/pgf/frontendlayer/tikz/libraries/tikzlibrarydecorations.pathmorphing.code.tex (/usr/share/texmf-dist/tex/generic/pgf/libraries/decorations/pgflibrarydecorations.pathmorphing.code.tex)) (/usr/share/texmf-dist/tex/generic/pgf/frontendlayer/tikz/libraries/tikzlibrarydecorations.pathreplacing.code.tex (/usr/share/texmf-dist/tex/generic/pgf/libraries/decorations/pgflibrarydecorations.pathreplacing.code.tex)) (/usr/share/texmf-dist/tex/generic/pgfplots/libs/tikzlibrarypgfplots.contourlua.code.tex)
\pgfplots@numplots=\count404
\pgfplots@xmin@reg=\dimen354
\pgfplots@xmax@reg=\dimen355
\pgfplots@ymin@reg=\dimen356
\pgfplots@ymax@reg=\dimen357
\pgfplots@zmin@reg=\dimen358
\pgfplots@zmax@reg=\dimen359
) (/usr/share/texmf-dist/tex/generic/pgf/frontendlayer/tikz/libraries/tikzlibraryplotmarks.code.tex
File: tikzlibraryplotmarks.code.tex 2023-01-15 v3.1.10 (3.1.10)
 (/usr/share/texmf-dist/tex/generic/pgf/libraries/pgflibraryplotmarks.code.tex
File: pgflibraryplotmarks.code.tex 2023-01-15 v3.1.10 (3.1.10)
))) (/usr/share/texmf-dist/tex/generic/pgf/frontendlayer/tikz/libraries/tikzlibrarypositioning.code.tex
File: tikzlibrarypositioning.code.tex 2023-01-15 v3.1.10 (3.1.10)
) (/usr/share/texmf-dist/tex/generic/pgf/libraries/pgflibraryarrows.meta.code.tex
File: pgflibraryarrows.meta.code.tex 2023-01-15 v3.1.10 (3.1.10)
\pgfarrowinset=\dimen360
\pgfarrowlength=\dimen361
\pgfarrowwidth=\dimen362
\pgfarrowlinewidth=\dimen363
) (/usr/share/texmf-dist/tex/generic/pgf/frontendlayer/tikz/libraries/tikzlibraryshapes.geometric.code.tex
File: tikzlibraryshapes.geometric.code.tex 2023-01-15 v3.1.10 (3.1.10)
 (/usr/share/texmf-dist/tex/generic/pgf/libraries/shapes/pgflibraryshapes.geometric.code.tex
File: pgflibraryshapes.geometric.code.tex 2023-01-15 v3.1.10 (3.1.10)
))
Package hyperref Info: Option `bookmarksnumbered' set `true' on input line 69.
Package hyperref Info: Option `bookmarksopen' set `true' on input line 69.
 (/usr/share/texmf-dist/tex/latex/varwidth/varwidth.sty
Package: varwidth 2009/03/30 ver 0.92;  Variable-width minipages
\@vwid@box=\box104
\sift@deathcycles=\count405
\@vwid@loff=\dimen364
\@vwid@roff=\dimen365
) (/usr/share/texmf-dist/tex/latex/tools/multicol.sty
Package: multicol 2023/03/30 v1.9f multicolumn formatting (FMi)
\c@tracingmulticols=\count406
\mult@box=\box105
\multicol@leftmargin=\dimen366
\c@unbalance=\count407
\c@collectmore=\count408
\doublecol@number=\count409
\multicoltolerance=\count410
\multicolpretolerance=\count411
\full@width=\dimen367
\page@free=\dimen368
\premulticols=\dimen369
\postmulticols=\dimen370
\multicolsep=\skip145
\multicolbaselineskip=\skip146
\partial@page=\box106
\last@line=\box107
\mc@boxedresult=\box108
\maxbalancingoverflow=\dimen371
\mult@rightbox=\box109
\mult@grightbox=\box110
\mult@firstbox=\box111
\mult@gfirstbox=\box112
\@tempa=\box113
\@tempa=\box114
\@tempa=\box115
\@tempa=\box116
\@tempa=\box117
\@tempa=\box118
\@tempa=\box119
\@tempa=\box120
\@tempa=\box121
\@tempa=\box122
\@tempa=\box123
\@tempa=\box124
\@tempa=\box125
\@tempa=\box126
\@tempa=\box127
\@tempa=\box128
\@tempa=\box129
\@tempa=\box130
\@tempa=\box131
\@tempa=\box132
\@tempa=\box133
\@tempa=\box134
\@tempa=\box135
\@tempa=\box136
\@tempa=\box137
\@tempa=\box138
\@tempa=\box139
\@tempa=\box140
\@tempa=\box141
\@tempa=\box142
\@tempa=\box143
\@tempa=\box144
\@tempa=\box145
\@tempa=\box146
\@tempa=\box147
\@tempa=\box148
\c@minrows=\count412
\c@columnbadness=\count413
\c@finalcolumnbadness=\count414
\last@try=\dimen372
\multicolovershoot=\dimen373
\multicolundershoot=\dimen374
\mult@nat@firstbox=\box149
\colbreak@box=\box150
\mc@col@check@num=\count415
) (/usr/share/texmf-dist/tex/latex/tikz-cd/tikz-cd.sty
Package: tikz-cd 2021/05/04 v1.0 Commutative diagrams with TikZ
 (/usr/share/texmf-dist/tex/generic/tikz-cd/tikzlibrarycd.code.tex (/usr/share/texmf-dist/tex/generic/pgf/frontendlayer/tikz/libraries/tikzlibrarymatrix.code.tex
File: tikzlibrarymatrix.code.tex 2023-01-15 v3.1.10 (3.1.10)
) (/usr/share/texmf-dist/tex/generic/pgf/frontendlayer/tikz/libraries/tikzlibraryquotes.code.tex
File: tikzlibraryquotes.code.tex 2023-01-15 v3.1.10 (3.1.10)
))) (/usr/share/texmf-dist/tex/latex/algorithm2e/algorithm2e.sty
Package: algorithm2e 2017/07/18 v5.2 algorithms environments
\c@AlgoLine=\count416
\algocf@hangindent=\skip147
 (/usr/share/texmf-dist/tex/latex/ifoddpage/ifoddpage.sty
Package: ifoddpage 2022/10/18 v1.2 Conditionals for odd/even page detection
\c@checkoddpage=\count417
) (/usr/share/texmf-dist/tex/latex/tools/xspace.sty
Package: xspace 2014/10/28 v1.13 Space after command names (DPC,MH)
) (/usr/share/texmf-dist/tex/latex/relsize/relsize.sty
Package: relsize 2013/03/29 ver 4.1
)
\skiptotal=\skip148
\skiplinenumber=\skip149
\skiprule=\skip150
\skiphlne=\skip151
\skiptext=\skip152
\skiplength=\skip153
\algomargin=\skip154
\skipalgocfslide=\skip155
\algowidth=\dimen375
\inoutsize=\dimen376
\inoutindent=\dimen377
\interspacetitleruled=\dimen378
\interspacealgoruled=\dimen379
\interspacetitleboxruled=\dimen380
\algocf@ruledwidth=\skip156
\algocf@inoutbox=\box151
\algocf@inputbox=\box152
\AlCapSkip=\skip157
\AlCapHSkip=\skip158
\algoskipindent=\skip159
\algocf@nlbox=\box153
\algocf@hangingbox=\box154
\algocf@untilbox=\box155
\algocf@skipuntil=\skip160
\algocf@capbox=\box156
\algocf@lcaptionbox=\skip161
\algoheightruledefault=\skip162
\algoheightrule=\skip163
\algotitleheightruledefault=\skip164
\algotitleheightrule=\skip165
\c@algocfline=\count418
\c@algocfproc=\count419
\c@algocf=\count420
\algocf@algoframe=\box157
\algocf@algobox=\box158
) (/usr/share/texmf-dist/tex/latex/comment/comment.sty
\CommentStream=\write6
 Excluding comment 'comment') (/usr/share/texmf-dist/tex/latex/xifthen/xifthen.sty
Package: xifthen 2015/11/05 v1.4.0 Extended ifthen features
 (/usr/share/texmf-dist/tex/latex/ifmtarg/ifmtarg.sty
Package: ifmtarg 2018/04/16 v1.2b check for an empty argument
)) (/usr/share/texmf-dist/tex/latex/tools/longtable.sty
Package: longtable 2023-11-01 v4.19 Multi-page Table package (DPC)
\LTleft=\skip166
\LTright=\skip167
\LTpre=\skip168
\LTpost=\skip169
\LTchunksize=\count421
\LTcapwidth=\dimen381
\LT@head=\box159
\LT@firsthead=\box160
\LT@foot=\box161
\LT@lastfoot=\box162
\LT@gbox=\box163
\LT@cols=\count422
\LT@rows=\count423
\c@LT@tables=\count424
\c@LT@chunks=\count425
\LT@p@ftn=\toks63
) (/usr/share/texmf-dist/tex/latex/tikzsymbols/tikzsymbols.sty
Package: tikzsymbols 2021/12/14 v4.12a Some symbols created using tikz and LaTeX3.
 (/usr/share/texmf-dist/tex/latex/l3packages/l3keys2e/l3keys2e.sty
Package: l3keys2e 2024-02-18 LaTeX2e option processing using LaTeX3 keys
) (/usr/share/texmf-dist/tex/generic/pgf/frontendlayer/tikz/libraries/tikzlibraryarrows.code.tex
File: tikzlibraryarrows.code.tex 2023-01-15 v3.1.10 (3.1.10)
 (/usr/share/texmf-dist/tex/generic/pgf/libraries/pgflibraryarrows.code.tex
File: pgflibraryarrows.code.tex 2023-01-15 v3.1.10 (3.1.10)
\arrowsize=\dimen382
)) (/usr/share/texmf-dist/tex/generic/pgf/frontendlayer/tikz/libraries/tikzlibrarytrees.code.tex
File: tikzlibrarytrees.code.tex 2023-01-15 v3.1.10 (3.1.10)
)
\l__tikzsymbols_Moai_thickness_dim=\dimen383
\l__tikzsymbols_Kochtopf_nr_arguments_int=\count426
\l__tikzsymbols_Bratpfanne_nr_arguments_int=\count427
\l__tikzsymbols_Schneebesen_nr_arguments_int=\count428
\l__tikzsymbols_Sieb_nr_arguments_int=\count429
\l__tikzsymbols_Purierstab_nr_arguments_int=\count430
\l__tikzsymbols_Dreizack_nr_arguments_int=\count431
\l__tikzsymbols_Backblech_nr_arguments_int=\count432
\l__tikzsymbols_Ofen_nr_arguments_int=\count433
\l__tikzsymbols_Pfanne_nr_arguments_int=\count434
\l__tikzsymbols_Herd_nr_arguments_int=\count435
\l__tikzsymbols_Saftpresse_nr_arguments_int=\count436
\l__tikzsymbols_Schussel_nr_arguments_int=\count437
\l__tikzsymbols_Schaler_nr_arguments_int=\count438
\l__tikzsymbols_Reibe_nr_arguments_int=\count439
\l__tikzsymbols_Flasche_nr_arguments_int=\count440
\l__tikzsymbols_Nudelholz_nr_arguments_int=\count441
\l__tikzsymbols_Knoblauchpresse_nr_arguments_int=\count442
\l__tikzsymbols_Sadey_nr_arguments_int=\count443
\l__tikzsymbols_dSadey_nr_arguments_int=\count444
\l__tikzsymbols_Changey_nr_arguments_int=\count445
\l__tikzsymbols_dChangey_nr_arguments_int=\count446
\l__tikzsymbols_cChangey_nr_arguments_int=\count447
\l__tikzsymbols_dcChangey_nr_arguments_int=\count448
\l__tikzsymbols_Annoey_nr_arguments_int=\count449
\l__tikzsymbols_dAnnoey_nr_arguments_int=\count450
\l__tikzsymbols_Smiley_nr_arguments_int=\count451
\l__tikzsymbols_dSmiley_nr_arguments_int=\count452
\l__tikzsymbols_Laughey_nr_arguments_int=\count453
\l__tikzsymbols_dLaughey_nr_arguments_int=\count454
\l__tikzsymbols_Neutrey_nr_arguments_int=\count455
\l__tikzsymbols_dNeutrey_nr_arguments_int=\count456
\l__tikzsymbols_Winkey_nr_arguments_int=\count457
\l__tikzsymbols_oldWinkey_nr_arguments_int=\count458
\l__tikzsymbols_dWinkey_nr_arguments_int=\count459
\l__tikzsymbols_olddWinkey_nr_arguments_int=\count460
\l__tikzsymbols_Sey_nr_arguments_int=\count461
\l__tikzsymbols_dSey_nr_arguments_int=\count462
\l__tikzsymbols_Xey_nr_arguments_int=\count463
\l__tikzsymbols_dXey_nr_arguments_int=\count464
\l__tikzsymbols_Innocey_nr_arguments_int=\count465
\l__tikzsymbols_wInnocey_nr_arguments_int=\count466
\l__tikzsymbols_dInnocey_nr_arguments_int=\count467
\l__tikzsymbols_Cooley_nr_arguments_int=\count468
\l__tikzsymbols_dCooley_nr_arguments_int=\count469
\l__tikzsymbols_Tongey_nr_arguments_int=\count470
\l__tikzsymbols_dTongey_nr_arguments_int=\count471
\l__tikzsymbols_Nursey_nr_arguments_int=\count472
\l__tikzsymbols_dNursey_nr_arguments_int=\count473
\l__tikzsymbols_Vomey_nr_arguments_int=\count474
\l__tikzsymbols_dVomey_nr_arguments_int=\count475
\l__tikzsymbols_Walley_nr_arguments_int=\count476
\l__tikzsymbols_rWalley_nr_arguments_int=\count477
\l__tikzsymbols_dWalley_nr_arguments_int=\count478
\l__tikzsymbols_drWalley_nr_arguments_int=\count479
\l__tikzsymbols_Cat_nr_arguments_int=\count480
\l__tikzsymbols_SchrodingersCat_nr_arguments_int=\count481
\l__tikzsymbols_Ninja_nr_arguments_int=\count482
\l__tikzsymbols_dNinja_nr_arguments_int=\count483
\l__tikzsymbols_Sleepey_nr_arguments_int=\count484
\l__tikzsymbols_dSleepey_nr_arguments_int=\count485
\l__tikzsymbols_Maskey_nr_arguments_int=\count486
\l__tikzsymbols_NiceReapey_nr_arguments_int=\count487
\l__tikzsymbols_Strichmaxerl_nr_arguments_int=\count488
\l__tikzsymbols_Person_nr_arguments_int=\count489
\l__tikzsymbols_Heart_nr_arguments_int=\count490
\l__tikzsymbols_dHeart_nr_arguments_int=\count491
\l__tikzsymbols_HeartBroken_nr_arguments_int=\count492
\l__tikzsymbols_Candle_nr_arguments_int=\count493
\l__tikzsymbols_Fire_nr_arguments_int=\count494
\l__tikzsymbols_Coffeecup_nr_arguments_int=\count495
\l__tikzsymbols_Chair_nr_arguments_int=\count496
\l__tikzsymbols_Bed_nr_arguments_int=\count497
\l__tikzsymbols_Tribar_nr_arguments_int=\count498
\l__tikzsymbols_Moai_nr_arguments_int=\count499
\l__tikzsymbols_Snowman_nr_arguments_int=\count500
\l__tikzsymbols_BasicTree_nr_arguments_int=\count501
\l__tikzsymbols_WorstTree_nr_arguments_int=\count502
\l__tikzsymbols_Springtree_nr_arguments_int=\count503
\l__tikzsymbols_Summertree_nr_arguments_int=\count504
\l__tikzsymbols_Autumntree_nr_arguments_int=\count505
\l__tikzsymbols_Wintertree_nr_arguments_int=\count506
) (/usr/share/texmf-dist/tex/latex/tcolorbox/tcbminted.code.tex
Library (tcolorbox): 'tcbminted.code.tex' version '6.2.0'
)
\c@tcb@cnt@Theorem=\count507
\c@tcb@cnt@theorem=\count508
\c@tcb@cnt@Corollary=\count509
\c@tcb@cnt@corollary=\count510
\c@tcb@cnt@Lenma=\count511
\c@tcb@cnt@lenma=\count512
\c@tcb@cnt@Prop=\count513
\c@tcb@cnt@prop=\count514
\c@tcb@cnt@claim=\count515
\c@tcb@cnt@Exercise=\count516
\c@tcb@cnt@exercise=\count517
\c@tcb@cnt@Example=\count518
\c@tcb@cnt@example=\count519
\c@tcb@cnt@Definition=\count520
\c@tcb@cnt@definition=\count521
\c@tcb@cnt@question=\count522
\c@tcb@cnt@qstion=\count523
\c@tcb@cnt@wconc=\count524
 (/usr/share/texmf-dist/tex/generic/pgf/frontendlayer/tikz/libraries/tikzlibrarycalc.code.tex
File: tikzlibrarycalc.code.tex 2023-01-15 v3.1.10 (3.1.10)
) (/usr/share/texmf-dist/tex/latex/pgf-blur/tikzlibraryshadows.blur.code.tex  v1.02, 2012/12/09 (/usr/share/texmf-dist/tex/generic/pgf/frontendlayer/tikz/libraries/tikzlibraryshadows.code.tex
File: tikzlibraryshadows.code.tex 2023-01-15 v3.1.10 (3.1.10)
)
\pgfbs@fading@count=\count525
)
\c@mylabelcounter=\count526
\diffdbox=\box164
 (/usr/share/texmf-dist/tex/latex/lm/lmodern.sty
Package: lmodern 2015/05/01 v1.6.1 Latin Modern Fonts
LaTeX Font Info:    Overwriting symbol font `operators' in version `normal'
(Font)                  OT1/cmr/m/n --> OT1/lmr/m/n on input line 22.
LaTeX Font Info:    Overwriting symbol font `letters' in version `normal'
(Font)                  OML/cmm/m/it --> OML/lmm/m/it on input line 23.
LaTeX Font Info:    Overwriting symbol font `symbols' in version `normal'
(Font)                  OMS/cmsy/m/n --> OMS/lmsy/m/n on input line 24.
LaTeX Font Info:    Overwriting symbol font `largesymbols' in version `normal'
(Font)                  OMX/cmex/m/n --> OMX/lmex/m/n on input line 25.
LaTeX Font Info:    Overwriting symbol font `operators' in version `bold'
(Font)                  OT1/cmr/bx/n --> OT1/lmr/bx/n on input line 26.
LaTeX Font Info:    Overwriting symbol font `letters' in version `bold'
(Font)                  OML/cmm/b/it --> OML/lmm/b/it on input line 27.
LaTeX Font Info:    Overwriting symbol font `symbols' in version `bold'
(Font)                  OMS/cmsy/b/n --> OMS/lmsy/b/n on input line 28.
LaTeX Font Info:    Overwriting symbol font `largesymbols' in version `bold'
(Font)                  OMX/cmex/m/n --> OMX/lmex/m/n on input line 29.
LaTeX Font Info:    Overwriting math alphabet `\mathbf' in version `normal'
(Font)                  OT1/cmr/bx/n --> OT1/lmr/bx/n on input line 31.
LaTeX Font Info:    Overwriting math alphabet `\mathsf' in version `normal'
(Font)                  OT1/cmss/m/n --> OT1/lmss/m/n on input line 32.
LaTeX Font Info:    Overwriting math alphabet `\mathit' in version `normal'
(Font)                  OT1/cmr/m/it --> OT1/lmr/m/it on input line 33.
LaTeX Font Info:    Overwriting math alphabet `\mathtt' in version `normal'
(Font)                  OT1/cmtt/m/n --> OT1/lmtt/m/n on input line 34.
LaTeX Font Info:    Overwriting math alphabet `\mathbf' in version `bold'
(Font)                  OT1/cmr/bx/n --> OT1/lmr/bx/n on input line 35.
LaTeX Font Info:    Overwriting math alphabet `\mathsf' in version `bold'
(Font)                  OT1/cmss/bx/n --> OT1/lmss/bx/n on input line 36.
LaTeX Font Info:    Overwriting math alphabet `\mathit' in version `bold'
(Font)                  OT1/cmr/bx/it --> OT1/lmr/bx/it on input line 37.
LaTeX Font Info:    Overwriting math alphabet `\mathtt' in version `bold'
(Font)                  OT1/cmtt/m/n --> OT1/lmtt/m/n on input line 38.
)
\c@question=\count527
) (/home/mattw/latex/template/macros.tex)
\pgfpages@box@1=\box165
 (/usr/share/texmf-dist/tex/latex/base/textcomp.sty
Package: textcomp 2020/02/02 v2.0n Standard LaTeX package
)
runsystem(command -v pygmentize && touch binary_tree.aex)...executed.

runsystem(rm binary_tree.aex)...executed.

LaTeX Font Info:    Trying to load font information for OT1+lmr on input line 37.
 (/usr/share/texmf-dist/tex/latex/lm/ot1lmr.fd
File: ot1lmr.fd 2015/05/01 v1.6.1 Font defs for Latin Modern
) (./binary_tree.aux)
\openout1 = `binary_tree.aux'.

LaTeX Font Info:    Checking defaults for OML/cmm/m/it on input line 37.
LaTeX Font Info:    ... okay on input line 37.
LaTeX Font Info:    Checking defaults for OMS/cmsy/m/n on input line 37.
LaTeX Font Info:    ... okay on input line 37.
LaTeX Font Info:    Checking defaults for OT1/cmr/m/n on input line 37.
LaTeX Font Info:    ... okay on input line 37.
LaTeX Font Info:    Checking defaults for T1/cmr/m/n on input line 37.
LaTeX Font Info:    ... okay on input line 37.
LaTeX Font Info:    Checking defaults for TS1/cmr/m/n on input line 37.
LaTeX Font Info:    ... okay on input line 37.
LaTeX Font Info:    Checking defaults for OMX/cmex/m/n on input line 37.
LaTeX Font Info:    ... okay on input line 37.
LaTeX Font Info:    Checking defaults for U/cmr/m/n on input line 37.
LaTeX Font Info:    ... okay on input line 37.
LaTeX Font Info:    Checking defaults for PD1/pdf/m/n on input line 37.
LaTeX Font Info:    ... okay on input line 37.
LaTeX Font Info:    Checking defaults for PU/pdf/m/n on input line 37.
LaTeX Font Info:    ... okay on input line 37.
 (/usr/share/texmf-dist/tex/context/base/mkii/supp-pdf.mkii
[Loading MPS to PDF converter (version 2006.09.02).]
\scratchcounter=\count528
\scratchdimen=\dimen384
\scratchbox=\box166
\nofMPsegments=\count529
\nofMParguments=\count530
\everyMPshowfont=\toks64
\MPscratchCnt=\count531
\MPscratchDim=\dimen385
\MPnumerator=\count532
\makeMPintoPDFobject=\count533
\everyMPtoPDFconversion=\toks65
) (/usr/share/texmf-dist/tex/latex/epstopdf-pkg/epstopdf-base.sty
Package: epstopdf-base 2020-01-24 v2.11 Base part for package epstopdf
Package epstopdf-base Info: Redefining graphics rule for `.eps' on input line 485.
 (/usr/share/texmf-dist/tex/latex/latexconfig/epstopdf-sys.cfg
File: epstopdf-sys.cfg 2010/07/13 v1.3 Configuration of (r)epstopdf for TeX Live
))
\c@lstlisting=\count534
 (/usr/share/texmf-dist/tex/latex/base/inputenc.sty
Package: inputenc 2021/02/14 v1.3d Input encoding file
\inpenc@prehook=\toks66
\inpenc@posthook=\toks67
)
*geometry* driver: auto-detecting
*geometry* detected driver: pdftex
*geometry* verbose mode - [ preamble ] result:
* driver: pdftex
* paper: <default>
* layout: <same size as paper>
* layoutoffset:(h,v)=(0.0pt,0.0pt)
* modes: 
* h-part:(L,W,R)=(61.42993pt, 491.43513pt, 61.42993pt)
* v-part:(T,H,B)=(61.42993pt, 676.63455pt, 56.9055pt)
* \paperwidth=614.295pt
* \paperheight=794.96999pt
* \textwidth=491.43513pt
* \textheight=676.63455pt
* \oddsidemargin=-10.84006pt
* \evensidemargin=-10.84006pt
* \topmargin=-47.84006pt
* \headheight=12.0pt
* \headsep=25.0pt
* \topskip=10.0pt
* \footskip=14.45377pt
* \marginparwidth=65.0pt
* \marginparsep=11.0pt
* \columnsep=10.0pt
* \skip\footins=9.0pt plus 4.0pt minus 2.0pt
* \hoffset=0.0pt
* \voffset=0.0pt
* \mag=1000
* \@twocolumnfalse
* \@twosidefalse
* \@mparswitchfalse
* \@reversemarginfalse
* (1in=72.27pt=25.4mm, 1cm=28.453pt)

Package caption Info: Begin \AtBeginDocument code.
Package caption Info: hyperref package is loaded.
Package caption Info: longtable package is loaded.
(/usr/share/texmf-dist/tex/latex/caption/ltcaption.sty
Package: ltcaption 2021/01/08 v1.4c longtable captions (AR)
)
Package caption Info: End \AtBeginDocument code.
Package hyperref Info: Link coloring OFF on input line 37.
 (/usr/share/texmf-dist/tex/latex/pdflscape/pdflscape.sty
Package: pdflscape 2022-10-27 v0.13 Display of landscape pages in PDF
 (/usr/share/texmf-dist/tex/latex/pdflscape/pdflscape-nometadata.sty
Package: pdflscape-nometadata 2022-10-28 v0.13 Display of landscape pages in PDF (HO)
 (/usr/share/texmf-dist/tex/latex/graphics/lscape.sty
Package: lscape 2020/05/28 v3.02 Landscape Pages (DPC)
)
Package pdflscape Info: Auto-detected driver: pdftex on input line 81.
))
Package pgfplots notification 'compat/show suggested version=true': document has been generated with the most recent feature set (\pgfplotsset{compat=1.18}).

LaTeX Font Info:    Trying to load font information for OML+lmm on input line 39.
(/usr/share/texmf-dist/tex/latex/lm/omllmm.fd
File: omllmm.fd 2015/05/01 v1.6.1 Font defs for Latin Modern
)
LaTeX Font Info:    Trying to load font information for OMS+lmsy on input line 39.
 (/usr/share/texmf-dist/tex/latex/lm/omslmsy.fd
File: omslmsy.fd 2015/05/01 v1.6.1 Font defs for Latin Modern
)
LaTeX Font Info:    Trying to load font information for OMX+lmex on input line 39.
 (/usr/share/texmf-dist/tex/latex/lm/omxlmex.fd
File: omxlmex.fd 2015/05/01 v1.6.1 Font defs for Latin Modern
)
LaTeX Font Info:    External font `lmex10' loaded for size
(Font)              <16> on input line 39.
LaTeX Font Info:    External font `lmex10' loaded for size
(Font)              <10> on input line 39.
LaTeX Font Info:    External font `lmex10' loaded for size
(Font)              <12> on input line 39.
LaTeX Font Info:    Trying to load font information for U+msa on input line 39.
 (/usr/share/texmf-dist/tex/latex/amsfonts/umsa.fd
File: umsa.fd 2013/01/14 v3.01 AMS symbols A
)
LaTeX Font Info:    Trying to load font information for U+msb on input line 39.
 (/usr/share/texmf-dist/tex/latex/amsfonts/umsb.fd
File: umsb.fd 2013/01/14 v3.01 AMS symbols B
) (./binary_tree.toc
LaTeX Font Info:    External font `lmex10' loaded for size
(Font)              <7> on input line 1.
LaTeX Font Info:    External font `lmex10' loaded for size
(Font)              <5> on input line 1.
)
\tf@toc=\write7
\openout7 = `binary_tree.toc'.

 [1

{/var/lib/texmf/fonts/map/pdftex/updmap/pdftex.map}{/usr/share/texmf-dist/fonts/enc/dvips/lm/lm-rm.enc}]
<~/Documents/figures/binarytree.png, id=71, 495.35063pt x 268.75406pt>
File: ~/Documents/figures/binarytree.png Graphic file (type png)
<use ~/Documents/figures/binarytree.png>
Package pdftex.def Info: ~/Documents/figures/binarytree.png  used on input line 59.
(pdftex.def)             Requested size: 294.86407pt x 159.9783pt.
 [2
pdfTeX warning (ext4): destination with the same identifier (name{page.1}) has been already used, duplicate ignored

\pgfpages@shipoutshipoutbox ...physicalpagesizes }
                                                  \endgroup 
l.71 \bigbreak
               \noindent

]
<~/Documents/figures/unbalanced.png, id=101, 642.4pt x 481.8pt>
File: ~/Documents/figures/unbalanced.png Graphic file (type png)
<use ~/Documents/figures/unbalanced.png>
Package pdftex.def Info: ~/Documents/figures/unbalanced.png  used on input line 83.
(pdftex.def)             Requested size: 245.71756pt x 184.28421pt.
LaTeX Font Info:    Trying to load font information for TS1+lmr on input line 91.
 (/usr/share/texmf-dist/tex/latex/lm/ts1lmr.fd
File: ts1lmr.fd 2015/05/01 v1.6.1 Font defs for Latin Modern
) [3

{/usr/share/texmf-dist/fonts/enc/dvips/lm/lm-mathit.enc} </home/mattw/Documents/figures/binarytree.png>]
<~/Documents/figures/complete-binary-tree-2719456170.jpg, id=116, 421.575pt x 274.77657pt>
File: ~/Documents/figures/complete-binary-tree-2719456170.jpg Graphic file (type jpg)
<use ~/Documents/figures/complete-binary-tree-2719456170.jpg>
Package pdftex.def Info: ~/Documents/figures/complete-binary-tree-2719456170.jpg  used on input line 123.
(pdftex.def)             Requested size: 147.43204pt x 96.09357pt.
<~/Documents/figures/Binary-Tree-in-Data-Structure-2-354246584.png, id=117, 227.85126pt x 203.76125pt>
File: ~/Documents/figures/Binary-Tree-in-Data-Structure-2-354246584.png Graphic file (type png)
<use ~/Documents/figures/Binary-Tree-in-Data-Structure-2-354246584.png>
Package pdftex.def Info: ~/Documents/figures/Binary-Tree-in-Data-Structure-2-354246584.png  used on input line 130.
(pdftex.def)             Requested size: 122.85878pt x 109.87086pt.
 [4{/usr/share/texmf-dist/fonts/enc/dvips/lm/lm-ts1.enc} </home/mattw/Documents/figures/unbalanced.png>]
<~/Documents/figures/segment_tree.png, id=127, 1080.035pt x 927.465pt>
File: ~/Documents/figures/segment_tree.png Graphic file (type png)
<use ~/Documents/figures/segment_tree.png>
Package pdftex.def Info: ~/Documents/figures/segment_tree.png  used on input line 137.
(pdftex.def)             Requested size: 147.43204pt x 126.60341pt.
<~/Documents/figures/heightbalanced.png, id=128, 442.65375pt x 362.35374pt>
File: ~/Documents/figures/heightbalanced.png Graphic file (type png)
<use ~/Documents/figures/heightbalanced.png>
Package pdftex.def Info: ~/Documents/figures/heightbalanced.png  used on input line 146.
(pdftex.def)             Requested size: 122.85878pt x 100.56818pt.
<~/Documents/figures/skewed-trees-1024x421.png, id=129, 1027.84pt x 422.57875pt>
File: ~/Documents/figures/skewed-trees-1024x421.png Graphic file (type png)
<use ~/Documents/figures/skewed-trees-1024x421.png>
Package pdftex.def Info: ~/Documents/figures/skewed-trees-1024x421.png  used on input line 153.
(pdftex.def)             Requested size: 245.71756pt x 101.0212pt.
 [5 </home/mattw/Documents/figures/complete-binary-tree-2719456170.jpg>]
<~/Documents/figures/img2.png, id=135, 583.17876pt x 422.57875pt>
File: ~/Documents/figures/img2.png Graphic file (type png)
<use ~/Documents/figures/img2.png>
Package pdftex.def Info: ~/Documents/figures/img2.png  used on input line 160.
(pdftex.def)             Requested size: 147.43204pt x 106.83086pt.
 [6 </home/mattw/Documents/figures/Binary-Tree-in-Data-Structure-2-354246584.png> </home/mattw/Documents/figures/segment_tree.png> </home/mattw/Documents/figures/heightbalanced.png>]
\g__tcobox_out_iow=\write8
\openout8 = `binary_tree.listing'.

 (./_minted-binary_tree/xcode.pygstyle) (./_minted-binary_tree/98ADED04625E36B6473232E46A19FF753FFF0E8DC56FA585592487313C313FD3.pygtex
LaTeX Font Info:    Trying to load font information for OT1+lmtt on input line 1.
 (/usr/share/texmf-dist/tex/latex/lm/ot1lmtt.fd
File: ot1lmtt.fd 2015/05/01 v1.6.1 Font defs for Latin Modern
)) [7{/usr/share/texmf-dist/fonts/enc/dvips/lm/lm-mathsy.enc} </home/mattw/Documents/figures/skewed-trees-1024x421.png> </home/mattw/Documents/figures/img2.png (PNG copy)>]
\openout8 = `binary_tree.listing'.

 (./_minted-binary_tree/F11989528F91D970D6748CC164C341C13FFF0E8DC56FA585592487313C313FD3.pygtex)
\openout8 = `binary_tree.listing'.

 (./_minted-binary_tree/5006A001B09C96F4726B44C7F571BFD23FFF0E8DC56FA585592487313C313FD3.pygtex) [8{/usr/share/texmf-dist/fonts/enc/dvips/lm/lm-rmtt.enc}]
<~/Documents/figures/preorder.png, id=180, 697.10437pt x 295.1025pt>
File: ~/Documents/figures/preorder.png Graphic file (type png)
<use ~/Documents/figures/preorder.png>
Package pdftex.def Info: ~/Documents/figures/preorder.png  used on input line 308.
(pdftex.def)             Requested size: 245.71756pt x 104.01688pt.
\openout8 = `binary_tree.listing'.

 (./_minted-binary_tree/EBF7C2D75514B981C77BFF96D734039D3FFF0E8DC56FA585592487313C313FD3.pygtex) [9]
\openout8 = `binary_tree.listing'.

 (./_minted-binary_tree/D25981586E551CE736CA672222EA194B3FFF0E8DC56FA585592487313C313FD3.pygtex
LaTeX Font Info:    Trying to load font information for TS1+lmtt on input line 17.
 (/usr/share/texmf-dist/tex/latex/lm/ts1lmtt.fd
File: ts1lmtt.fd 2015/05/01 v1.6.1 Font defs for Latin Modern
))
<~/Documents/figures/inorder.png, id=191, 699.36281pt x 317.68687pt>
File: ~/Documents/figures/inorder.png Graphic file (type png)
<use ~/Documents/figures/inorder.png>
Package pdftex.def Info: ~/Documents/figures/inorder.png  used on input line 372.
(pdftex.def)             Requested size: 245.71756pt x 111.6138pt.
\openout8 = `binary_tree.listing'.

 (./_minted-binary_tree/22B197C56CCD0856ECB9CC37F341BA033FFF0E8DC56FA585592487313C313FD3.pygtex) [10 </home/mattw/Documents/figures/preorder.png>]
\openout8 = `binary_tree.listing'.

 (./_minted-binary_tree/21508CAFDC1BB4EBB9273DDE8A21D2DF3FFF0E8DC56FA585592487313C313FD3.pygtex
LaTeX Font Info:    External font `lmex10' loaded for size
(Font)              <8> on input line 24.
LaTeX Font Info:    External font `lmex10' loaded for size
(Font)              <6> on input line 24.
)
<~/Documents/figures/postorder.png, id=198, 590.95781pt x 257.46187pt>
File: ~/Documents/figures/postorder.png Graphic file (type png)
<use ~/Documents/figures/postorder.png>
Package pdftex.def Info: ~/Documents/figures/postorder.png  used on input line 423.
(pdftex.def)             Requested size: 196.57104pt x 85.63838pt.
 [11 </home/mattw/Documents/figures/inorder.png>]
\openout8 = `binary_tree.listing'.

 (./_minted-binary_tree/874A9F056BC50D357FBD401D3FA400213FFF0E8DC56FA585592487313C313FD3.pygtex)
\openout8 = `binary_tree.listing'.

 (./_minted-binary_tree/789C10CC4A3A85B20DBC8491D58831B13FFF0E8DC56FA585592487313C313FD3.pygtex) [12 </home/mattw/Documents/figures/postorder.png>]
<~/Documents/figures/bfs.png, id=216, 632.3625pt x 249.93375pt>
File: ~/Documents/figures/bfs.png Graphic file (type png)
<use ~/Documents/figures/bfs.png>
Package pdftex.def Info: ~/Documents/figures/bfs.png  used on input line 479.
(pdftex.def)             Requested size: 294.86407pt x 116.54214pt.
\openout8 = `binary_tree.listing'.


(./_minted-binary_tree/7ECFCE78FAA8A183FC7E2FF489F109FC3FFF0E8DC56FA585592487313C313FD3.pygtex)
\openout8 = `binary_tree.listing'.

 (./_minted-binary_tree/F796823B371AFAA8157C4C92787DDD943FFF0E8DC56FA585592487313C313FD3.pygtex) [13] [14 </home/mattw/Documents/figures/bfs.png>]
<~/Documents/figures/tree3.png, id=232, 255.95625pt x 125.71968pt>
File: ~/Documents/figures/tree3.png Graphic file (type png)
<use ~/Documents/figures/tree3.png>
Package pdftex.def Info: ~/Documents/figures/tree3.png  used on input line 581.
(pdftex.def)             Requested size: 245.71756pt x 120.69142pt.
<~/Documents/figures/tree6.png, id=233, 392.21532pt x 162.6075pt>
File: ~/Documents/figures/tree6.png Graphic file (type png)
<use ~/Documents/figures/tree6.png>
Package pdftex.def Info: ~/Documents/figures/tree6.png  used on input line 591.
(pdftex.def)             Requested size: 245.71756pt x 101.87259pt.
 [15] [16 </home/mattw/Documents/figures/tree3.png> </home/mattw/Documents/figures/tree6.png>] (./binary_tree.aux)
 ***********
LaTeX2e <2023-11-01> patch level 1
L3 programming layer <2024-02-20>
 ***********
 ) 
Here is how much of TeX's memory you used:
 51456 strings out of 474963
 1196161 string characters out of 5774095
 1955187 words of memory out of 5000000
 72726 multiletter control sequences out of 15000+600000
 620064 words of font info for 87 fonts, out of 8000000 for 9000
 725 hyphenation exceptions out of 8191
 106i,12n,110p,770b,1738s stack positions out of 10000i,1000n,20000p,200000b,200000s
</usr/share/texmf-dist/fonts/type1/public/lm/lmbx10.pfb></usr/share/texmf-dist/fonts/type1/public/lm/lmbx12.pfb></usr/share/texmf-dist/fonts/type1/public/lm/lmbxi10.pfb></usr/share/texmf-dist/fonts/type1/public/lm/lmmi10.pfb></usr/share/texmf-dist/fonts/type1/public/lm/lmmi5.pfb></usr/share/texmf-dist/fonts/type1/public/lm/lmmi7.pfb></usr/share/texmf-dist/fonts/type1/public/lm/lmr10.pfb></usr/share/texmf-dist/fonts/type1/public/lm/lmr17.pfb></usr/share/texmf-dist/fonts/type1/public/lm/lmr5.pfb></usr/share/texmf-dist/fonts/type1/public/lm/lmr7.pfb></usr/share/texmf-dist/fonts/type1/public/lm/lmri10.pfb></usr/share/texmf-dist/fonts/type1/public/lm/lmsy10.pfb></usr/share/texmf-dist/fonts/type1/public/lm/lmsy5.pfb></usr/share/texmf-dist/fonts/type1/public/lm/lmtt10.pfb></usr/share/texmf-dist/fonts/type1/public/amsfonts/symbols/msam10.pfb>
Output written on binary_tree.pdf (16 pages, 826575 bytes).
PDF statistics:
 405 PDF objects out of 1000 (max. 8388607)
 296 compressed objects within 3 object streams
 75 named destinations out of 1000 (max. 500000)
 439 words of extra memory for PDF output out of 10000 (max. 10000000)

